<?xml version="1.0" encoding="UTF-8"?>
<!-- Generated by org.testng.reporters.JUnitReportReporter -->
<testsuite hostname="DESKTOP-UNKIUAD" failures="0" tests="2" name="testCases.AutoComplete_mutiplevalues" time="14.404" errors="0" timestamp="2024-05-02T20:01:22 IST" skipped="0">
  <testcase classname="testCases.AutoComplete_mutiplevalues" name="login" time="2.575"/>
  <system-out/>
  <testcase classname="testCases.AutoComplete_mutiplevalues" name="autoMultiplevalues" time="11.829"/>
  <system-out/>
</testsuite> <!-- testCases.AutoComplete_mutiplevalues -->
