<?xml version="1.0" encoding="UTF-8"?>
<!-- Generated by org.testng.reporters.JUnitReportReporter -->
<testsuite hostname="DESKTOP-UNKIUAD" failures="0" tests="1" name="testCases.Single_menu_Testing" time="9.866" errors="0" timestamp="2024-05-02T17:48:56 IST" skipped="0">
  <testcase classname="testCases.Single_menu_Testing" name="login" time="9.866"/>
  <system-out/>
</testsuite> <!-- testCases.Single_menu_Testing -->
