<?xml version="1.0" encoding="UTF-8"?>
<!-- Generated by org.testng.reporters.JUnitReportReporter -->
<testsuite hostname="DESKTOP-UNKIUAD" failures="0" tests="2" name="testCases.BrokenLinks" time="10.393" errors="0" timestamp="2024-05-10T02:00:48 IST" skipped="0">
  <testcase classname="testCases.BrokenLinks" name="login" time="2.708"/>
  <system-out/>
  <testcase classname="testCases.BrokenLinks" name="brokenlinks" time="7.685"/>
  <system-out/>
</testsuite> <!-- testCases.BrokenLinks -->
