<?xml version="1.0" encoding="UTF-8"?>
<!-- Generated by org.testng.reporters.JUnitReportReporter -->
<testsuite hostname="DESKTOP-UNKIUAD" failures="0" tests="2" name="testCases.CollapsibleContent_single" time="13.013" errors="0" timestamp="2024-05-03T00:43:19 IST" skipped="0">
  <testcase classname="testCases.CollapsibleContent_single" name="login" time="2.776"/>
  <system-out/>
  <testcase classname="testCases.CollapsibleContent_single" name="singleCollapse" time="10.237"/>
  <system-out/>
</testsuite> <!-- testCases.CollapsibleContent_single -->
