<?xml version="1.0" encoding="UTF-8"?>
<!-- Generated by org.testng.reporters.JUnitReportReporter -->
<testsuite hostname="DESKTOP-UNKIUAD" failures="0" tests="1" name="testCases.SubMenu_CoreJava" time="10.121" errors="0" timestamp="2024-05-02T18:04:22 IST" skipped="0">
  <testcase classname="testCases.SubMenu_CoreJava" name="login" time="10.121"/>
  <system-out/>
</testsuite> <!-- testCases.SubMenu_CoreJava -->
