<?xml version="1.0" encoding="UTF-8"?>
<!-- Generated by org.testng.reporters.JUnitReportReporter -->
<testsuite hostname="DESKTOP-UNKIUAD" failures="0" tests="2" name="testCases.CssProperties_Buttons" time="6.606" errors="0" timestamp="2024-05-04T09:28:21 IST" skipped="0">
  <testcase classname="testCases.CssProperties_Buttons" name="buttons" time="3.941"/>
  <system-out/>
  <testcase classname="testCases.CssProperties_Buttons" name="login" time="2.665"/>
  <system-out/>
</testsuite> <!-- testCases.CssProperties_Buttons -->
