<?xml version="1.0" encoding="UTF-8"?>
<!-- Generated by org.testng.reporters.JUnitReportReporter -->
<testsuite hostname="DESKTOP-UNKIUAD" failures="0" tests="1" name="testCases.MutipleTabs" time="19.344" errors="0" timestamp="2024-05-01T15:06:18 IST" skipped="0">
  <testcase classname="testCases.MutipleTabs" name="login" time="19.344"/>
  <system-out/>
</testsuite> <!-- testCases.MutipleTabs -->
