<?xml version="1.0" encoding="UTF-8"?>
<!-- Generated by org.testng.reporters.JUnitReportReporter -->
<testsuite hostname="DESKTOP-UNKIUAD" failures="0" tests="1" name="testCases.Single_menu" time="7.378" errors="0" timestamp="2024-05-02T17:46:18 IST" skipped="0">
  <testcase classname="testCases.Single_menu" name="login" time="7.378"/>
  <system-out/>
</testsuite> <!-- testCases.Single_menu -->
