<?xml version="1.0" encoding="UTF-8"?>
<!-- Generated by org.testng.reporters.JUnitReportReporter -->
<testsuite hostname="DESKTOP-UNKIUAD" failures="0" tests="1" name="testCases.InValidCredentials" time="12.643" errors="0" timestamp="2024-04-30T22:11:59 IST" skipped="0">
  <testcase classname="testCases.InValidCredentials" name="login" time="12.643"/>
  <system-out/>
</testsuite> <!-- testCases.InValidCredentials -->
