<?xml version="1.0" encoding="UTF-8"?>
<!-- Generated by org.testng.reporters.JUnitReportReporter -->
<testsuite hostname="DESKTOP-UNKIUAD" failures="0" tests="2" name="testCases.Popups" time="17.872" errors="0" timestamp="2024-05-04T10:54:52 IST" skipped="0">
  <testcase classname="testCases.Popups" name="popups" time="15.250"/>
  <system-out/>
  <testcase classname="testCases.Popups" name="login" time="2.622"/>
  <system-out/>
</testsuite> <!-- testCases.Popups -->
