<?xml version="1.0" encoding="UTF-8"?>
<!-- Generated by org.testng.reporters.JUnitReportReporter -->
<testsuite hostname="DESKTOP-UNKIUAD" failures="0" tests="2" name="testCases.CssProperties_Links" time="15.824" errors="0" timestamp="2024-05-04T10:10:08 IST" skipped="0">
  <testcase classname="testCases.CssProperties_Links" name="login" time="2.579"/>
  <system-out/>
  <testcase classname="testCases.CssProperties_Links" name="links" time="13.245"/>
  <system-out/>
</testsuite> <!-- testCases.CssProperties_Links -->
