<?xml version="1.0" encoding="UTF-8"?>
<!-- Generated by org.testng.reporters.JUnitReportReporter -->
<testsuite hostname="DESKTOP-UNKIUAD" failures="0" tests="2" name="testCases.IFrame" time="9.671" errors="0" timestamp="2024-05-03T16:10:17 IST" skipped="0">
  <testcase classname="testCases.IFrame" name="login" time="2.580"/>
  <system-out/>
  <testcase classname="testCases.IFrame" name="iframes" time="7.091"/>
  <system-out/>
</testsuite> <!-- testCases.IFrame -->
