<?xml version="1.0" encoding="UTF-8"?>
<!-- Generated by org.testng.reporters.JUnitReportReporter -->
<testsuite hostname="DESKTOP-UNKIUAD" failures="0" tests="1" name="testCases.Login" time="2.543" errors="0" timestamp="2024-04-30T22:00:23 IST" skipped="0">
  <testcase classname="testCases.Login" name="login" time="2.543"/>
  <system-out/>
</testsuite> <!-- testCases.Login -->
