<?xml version="1.0" encoding="UTF-8"?>
<!-- Generated by org.testng.reporters.JUnitReportReporter -->
<testsuite hostname="DESKTOP-UNKIUAD" failures="0" tests="1" name="testCases.SearchEmployee" time="8.835" errors="0" timestamp="2024-05-01T11:38:13 IST" skipped="0">
  <testcase classname="testCases.SearchEmployee" name="login" time="8.835"/>
  <system-out/>
</testsuite> <!-- testCases.SearchEmployee -->
