<?xml version="1.0" encoding="UTF-8"?>
<!-- Generated by org.testng.reporters.JUnitReportReporter -->
<testsuite hostname="DESKTOP-UNKIUAD" failures="0" tests="2" name="testCases.Slider" time="7.125" errors="0" timestamp="2024-05-03T00:03:16 IST" skipped="0">
  <testcase classname="testCases.Slider" name="login" time="2.676"/>
  <system-out/>
  <testcase classname="testCases.Slider" name="autoMultiplevalues" time="4.449"/>
  <system-out/>
</testsuite> <!-- testCases.Slider -->
