<?xml version="1.0" encoding="UTF-8"?>
<!-- Generated by org.testng.reporters.JUnitReportReporter -->
<testsuite hostname="DESKTOP-UNKIUAD" failures="0" tests="2" name="testCases.CssProperties_ProgreeBar" time="7.692" errors="0" timestamp="2024-05-04T07:55:10 IST" skipped="0">
  <testcase classname="testCases.CssProperties_ProgreeBar" name="login" time="2.634"/>
  <system-out/>
  <testcase classname="testCases.CssProperties_ProgreeBar" name="progressBars" time="5.058"/>
  <system-out/>
</testsuite> <!-- testCases.CssProperties_ProgreeBar -->
