<?xml version="1.0" encoding="UTF-8"?>
<!-- Generated by org.testng.reporters.JUnitReportReporter -->
<testsuite hostname="DESKTOP-UNKIUAD" failures="0" tests="2" name="testCases.CollapsibleContent_Multiple" time="15.304" errors="0" timestamp="2024-05-03T01:10:36 IST" skipped="0">
  <testcase classname="testCases.CollapsibleContent_Multiple" name="MultipleCollapse" time="12.544"/>
  <system-out/>
  <testcase classname="testCases.CollapsibleContent_Multiple" name="login" time="2.760"/>
  <system-out/>
</testsuite> <!-- testCases.CollapsibleContent_Multiple -->
