<?xml version="1.0" encoding="UTF-8"?>
<!-- Generated by org.testng.reporters.JUnitReportReporter -->
<testsuite hostname="DESKTOP-UNKIUAD" failures="0" tests="2" name="testCases.AutoComplete_singlevalue" time="9.327" errors="0" timestamp="2024-05-02T19:37:11 IST" skipped="0">
  <testcase classname="testCases.AutoComplete_singlevalue" name="autosinglevalue" time="6.776"/>
  <system-out/>
  <testcase classname="testCases.AutoComplete_singlevalue" name="login" time="2.551"/>
  <system-out/>
</testsuite> <!-- testCases.AutoComplete_singlevalue -->
