<?xml version="1.0" encoding="UTF-8"?>
<!-- Generated by org.testng.reporters.JUnitReportReporter -->
<testsuite hostname="DESKTOP-UNKIUAD" failures="0" tests="1" name="testCases.CreateEmployee" time="14.491" errors="0" timestamp="2024-05-01T11:00:07 IST" skipped="0">
  <testcase classname="testCases.CreateEmployee" name="login" time="14.491"/>
  <system-out/>
</testsuite> <!-- testCases.CreateEmployee -->
