<?xml version="1.0" encoding="UTF-8"?>
<!-- Generated by org.testng.reporters.JUnitReportReporter -->
<testsuite hostname="DESKTOP-UNKIUAD" failures="0" tests="2" name="testCases.UploadImage" time="12.273" errors="0" timestamp="2024-05-03T20:28:34 IST" skipped="0">
  <testcase classname="testCases.UploadImage" name="login" time="2.693"/>
  <system-out/>
  <testcase classname="testCases.UploadImage" name="uploadimg" time="9.580"/>
  <system-out/>
</testsuite> <!-- testCases.UploadImage -->
