<?xml version="1.0" encoding="UTF-8"?>
<!-- Generated by org.testng.reporters.JUnitReportReporter -->
<testsuite hostname="DESKTOP-UNKIUAD" failures="0" tests="2" name="testCases.CssProperties_Alerts" time="11.200" errors="0" timestamp="2024-05-04T08:47:18 IST" skipped="0">
  <testcase classname="testCases.CssProperties_Alerts" name="login" time="2.552"/>
  <system-out/>
  <testcase classname="testCases.CssProperties_Alerts" name="progressBars" time="8.648"/>
  <system-out/>
</testsuite> <!-- testCases.CssProperties_Alerts -->
